id:280
user_name:172.26.40.155
user_id:172.26.40.1-fd619819a3174031
script:1 - Pump Control
start_time:1552841300627
command:/eve/scripts/webui-sc/mpumptimed.py all Drug,Media,Waste 1
exit_code:1
>>>>>  OUTPUT STARTED <<<<<
EVEs Selected:
[1, 2, 3]
Started
Pin Lists:
[20, 17, 21]
Running ...
[0, 1, 2]
Running ...
[8, 9, 10]
Traceback (most recent call last):
  File "/eve/scripts/webui-sc/mpumptimed.py", line 139, in <module>
    runner(sys,gpioe,gpio_add,pname)
  File "/eve/scripts/webui-sc/mpumptimed.py", line 84, in runner
    pins[P_waste_pins].value = True
  File "/usr/local/lib/python3.5/dist-packages/adafruit_mcp230xx.py", line 145, in value
    self._mcp.gpio = _enable_bit(self._mcp.gpio, self._pin)
  File "/usr/local/lib/python3.5/dist-packages/adafruit_mcp230xx.py", line 311, in gpio
    return self._read_u16le(_MCP23017_GPIOA)
  File "/usr/local/lib/python3.5/dist-packages/adafruit_mcp230xx.py", line 277, in _read_u16le
    i2c.write(_BUFFER, end=1, stop=False)
  File "/usr/local/lib/python3.5/dist-packages/adafruit_bus_device/i2c_device.py", line 112, in write
    self.i2c.writeto(self.device_address, buf, **kwargs)
  File "/usr/local/lib/python3.5/dist-packages/busio.py", line 64, in writeto
    return self._i2c.writeto(address, memoryview(buffer)[start:end], stop=stop)
  File "/usr/local/lib/python3.5/dist-packages/adafruit_blinka/microcontroller/generic_linux/i2c.py", line 38, in writeto
    self._i2c_bus.write_bytes(address, buffer[start:end])
  File "/usr/local/lib/python3.5/dist-packages/Adafruit_PureIO/smbus.py", line 244, in write_bytes
    self._device.write(buf)
OSError: [Errno 121] Remote I/O error
