id:282
user_name:172.26.40.155
user_id:172.26.40.1-fd619819a3174031
script:1 - Pump Control
start_time:1552841432067
command:/eve/scripts/webui-sc/mpumptimed.py all Drug,Media,Waste 1
exit_code:1
>>>>>  OUTPUT STARTED <<<<<
EVEs Selected:
[1, 2, 3]
Started
Pin Lists:
[20, 17, 21]
Running ...
[0, 1, 2]
Running ...
[8, 9, 10]
Running ...
Running ...
Traceback (most recent call last):
  File "/eve/scripts/webui-sc/mpumptimed.py", line 154, in <module>
    stopper(sys,gpioe,gpio_add,pname)
TypeError: stopper() missing 1 required positional argument: 'pumpt'
