id:259
user_name:172.26.40.1
user_id:172.26.40.1-fd619819a3174031
script:1 - Pump Control
start_time:1552793840809
command:/eve/scripts/webui-sc/mpumptimed.py 1 Drug 1
exit_code:0
>>>>>  OUTPUT STARTED <<<<<
1
[1]
Started
Process Process-1:
Traceback (most recent call last):
  File "/usr/lib/python3.5/multiprocessing/process.py", line 249, in _bootstrap
    self.run()
  File "/usr/lib/python3.5/multiprocessing/process.py", line 93, in run
    self._target(*self._args, **self._kwargs)
  File "/eve/scripts/webui-sc/mpumptimed.py", line 57, in runner
    GPIO.setup(pin, GPIO.OUT)
ValueError: The channel sent is invalid on a Raspberry Pi
