id:587
user_name:eve-display.ccf.org
user_id:10.66.100.177-c188ec4d953a4837
script:3 - Morbidostat Experiment
start_time:1555599669925
command:/eve/scripts/live/master.py
exit_code:-15
>>>>>  OUTPUT STARTED <<<<<
Multiplexer Started.
EVE1 enabled.
EVE2 enabled.
EVE3 enabled.
EVE4 not enabled. Skipping.
Starting EVEs
EVE1 started at 11:01:16 on Thu - Apr 18, 2019
EVE2 started at 11:01:17 on Thu - Apr 18, 2019
EVE3 started at 11:01:17 on Thu - Apr 18, 2019
 * Serving Flask app "plotter" (lazy loading)
 * Environment: production
[31m   WARNING: Do not use the development server in a production environment.[0m
[2m   Use a production WSGI server instead.[0m
 * Debug mode: off
INFO:werkzeug: * Running on http://eve2.ccf.org:8050/ (Press CTRL+C to quit)
INFO:werkzeug:10.66.100.150 - - [18/Apr/2019 11:08:37] "GET / HTTP/1.1" 200 -
INFO:werkzeug:10.66.100.150 - - [18/Apr/2019 11:08:38] "GET /_dash-layout HTTP/1.1" 200 -
INFO:werkzeug:10.66.100.150 - - [18/Apr/2019 11:08:38] "GET /_dash-dependencies HTTP/1.1" 200 -
INFO:werkzeug:10.66.100.150 - - [18/Apr/2019 11:08:39] "GET /_favicon.ico HTTP/1.1" 200 -
This is the format of your plot grid:
[ (1,1) x1,y1 ]  [ (1,2) x2,y1 ]  [ (1,3) x3,y1 ]
[ (2,1) x1,y2 ]  [ (2,2) x2,y2 ]  [ (2,3) x3,y2 ]
[ (3,1) x1,y3 ]  [ (3,2) x2,y3 ]  [ (3,3) x3,y3 ]
[ (4,1) x1,y4 ]  [ (4,2) x2,y4 ]  [ (4,3) x3,y4 ]

INFO:werkzeug:10.66.100.150 - - [18/Apr/2019 11:08:41] "POST /_dash-update-component HTTP/1.1" 200 -
[EVE2] Generating graph
[EVE1] Generating graph
[EVE3] Generating graph

>> STOPPED BY USER
