id:586
user_name:lri-108141.ccf.org
user_id:10.66.100.150-e39e61c60b224812
script:Configuration Editor
start_time:1555532136206
command:/eve/scripts/webui-sc/confeditor.py
exit_code:0
>>>>>  OUTPUT STARTED <<<<<
 0. MAIN
 1. EVE1
 2. EVE2
 3. EVE3
 4. EVE4
 5. View All
 6. Save File
 7. Exit
Select section to edit/option: 0

Section: MAIN
 0. repeat1_evar            : yes
 1. slack_user              : blob
 2. slack_channel           : morbidodebug
 3. graph_resolution_fac    : 5
 4. slack_key               : xoxb-15598920096-507190138311-P7oYWMlAUhXaVemyYyUh3LQF
 5. multi_icon              : https://i.imgur.com/RnzJ6Xz.jpg

 6. Back
Select key to edit: 2
New value: morbidotest

Section: MAIN
 0. repeat1_evar            : yes
 1. slack_user              : blob
 2. slack_channel           : morbidotest
 3. graph_resolution_fac    : 5
 4. slack_key               : xoxb-15598920096-507190138311-P7oYWMlAUhXaVemyYyUh3LQF
 5. multi_icon              : https://i.imgur.com/RnzJ6Xz.jpg
Confim Change [y,N]: y
Config File Edited.

Edit another key in this section [y,N]: n

Menu
 0. Edit a Section
 1. View File
 2. Save File
 3. Exit
Select option: 1


Section: MAIN
 0. repeat1_evar            : yes
 1. slack_user              : blob
 2. slack_channel           : morbidotest
 3. graph_resolution_fac    : 5
 4. slack_key               : xoxb-15598920096-507190138311-P7oYWMlAUhXaVemyYyUh3LQF
 5. multi_icon              : https://i.imgur.com/RnzJ6Xz.jpg

Section: EVE1
 0. enabled                 : yes
 1. pi_pins                 : yes
 2. m_address               : 32
 3. p_drug_pins             : 20
 4. p_nut_pins              : 17
 5. p_waste_pins            : 16
 6. p_led_pins              : 25
 7. p_fan_pins              : 23
 8. p_sfan_pins             : 18
 9. a_address               : 72
10. analogin                : 0
11. slack_icon              : https://i.imgur.com/GYGFtS0.jpg
12. exp_time_hours          : 24
13. p_drug_times            : .75
14. p_nut_times             : .75
15. p_waste_times           : .75
16. od_av_length            : 30
17. time_between_pumps      : 12
18. od_thr                  : 2.0
19. od_min                  : 1.5
20. time_between_ods        : 2
21. time_thresh             : 0.6
22. od_error                : 0.6
23. time_between_graphs     : 30
24. time_between_saves      : 1

Section: EVE2
 0. enabled                 : yes
 1. pi_pins                 : no
 2. m_address               : 32
 3. p_drug_pins             : 0
 4. p_nut_pins              : 1
 5. p_waste_pins            : 2
 6. p_led_pins              : 3
 7. p_sfan_pins             : 4
 8. p_fan_pins              : 5
 9. a_address               : 72
10. analogin                : 1
11. slack_icon              : https://i.imgur.com/rBn5jyU.jpg
12. exp_time_hours          : 24
13. p_drug_times            : .75
14. p_nut_times             : .75
15. p_waste_times           : .75
16. od_av_length            : 30
17. time_between_pumps      : 12
18. od_thr                  : 2.0
19. od_min                  : 1.5
20. time_between_ods        : 2
21. time_thresh             : 0.6
22. od_error                : 0.6
23. time_between_graphs     : 30
24. time_between_saves      : 1

Section: EVE3
 0. enabled                 : yes
 1. pi_pins                 : no
 2. m_address               : 32
 3. p_drug_pins             : 8
 4. p_nut_pins              : 9
 5. p_waste_pins            : 10
 6. p_led_pins              : 11
 7. p_sfan_pins             : 12
 8. p_fan_pins              : 13
 9. a_address               : 72
10. analogin                : 2
11. slack_icon              : https://i.imgur.com/2p3XFQD.jpg
12. exp_time_hours          : 24
13. p_drug_times            : .75
14. p_nut_times             : .75
15. p_waste_times           : .75
16. od_av_length            : 30
17. time_between_pumps      : 12
18. od_thr                  : 2.5
19. od_min                  : 2.0
20. time_between_ods        : 2
21. time_thresh             : 0.6
22. od_error                : 0.6
23. time_between_graphs     : 30
24. time_between_saves      : 1

Section: EVE4
 0. enabled                 : no
 1. pi_pins                 : no
 2. m_address               : 0
 3. p_drug_pins             : 20
 4. p_nut_pins              : 24
 5. p_waste_pins            : 25
 6. p_led_pins              : 21
 7. p_fan_pins              : 26
 8. a_address               : 72
 9. analogin                : 3
10. slack_icon              : https://i.imgur.com/vgjN87g.jpg
11. exp_time_hours          : 24
12. p_drug_times            : .75
13. p_nut_times             : .75
14. p_waste_times           : .75
15. od_av_length            : 30
16. time_between_pumps      : 12
17. od_thr                  : 1.5
18. od_min                  : 0.7
19. time_between_ods        : 2
20. time_thresh             : 2
21. od_error                : 0.5
22. time_between_graphs     : 30
23. time_between_saves      : 2

Menu
 0. Edit a Section
 1. View File
 2. Save File
 3. Exit
Select option: 2

Config Saved

Menu
 0. Edit a Section
 1. View File
 2. Save File
 3. Exit
Select option: 3

Editor Closed
