id:44
user_name:think.ccf.org
user_id:10.66.101.117-0f3330edfb0e49d1
script:Morbidostat Experiment
start_time:1546969023214
command:/eve/scripts/test/vish_control_drugs.py
exit_code:-15
>>>>>  OUTPUT STARTED <<<<<
Connected!
Experiment begun at 12:37:07 on Tue - Jan 08, 2019
saving to disk
Elapsed Time: 1 second ; OD = 0.140
saving to disk
Elapsed Time: 3 seconds ; OD = 0.140
saving to disk
Elapsed Time: 5 seconds ; OD = 0.140
saving to disk
Elapsed Time: 7 seconds ; OD = 0.140
saving to disk
Elapsed Time: 9 seconds ; OD = 0.140
saving to disk
Elapsed Time: 11 seconds ; OD = 0.140
saving to disk
Elapsed Time: 13 seconds ; OD = 0.140
saving to disk
Elapsed Time: 15 seconds ; OD = 0.140
saving to disk
Elapsed Time: 17 seconds ; OD = 0.140
saving to disk
Elapsed Time: 19 seconds ; OD = 0.140
saving to disk
Elapsed Time: 21 seconds ; OD = 0.140
saving to disk
Elapsed Time: 23 seconds ; OD = 0.140
saving to disk
Elapsed Time: 25 seconds ; OD = 0.138
saving to disk
Elapsed Time: 27 seconds ; OD = 0.140
saving to disk
Elapsed Time: 29 seconds ; OD = 0.138
saving to disk
Elapsed Time: 31 seconds ; OD = 0.140
saving to disk
Elapsed Time: 33 seconds ; OD = 0.138
saving to disk
Elapsed Time: 35 seconds ; OD = 0.140
saving to disk
Elapsed Time: 37 seconds ; OD = 0.140
saving to disk
Elapsed Time: 39 seconds ; OD = 0.140
saving to disk
Elapsed Time: 41 seconds ; OD = 0.140
saving to disk
Elapsed Time: 43 seconds ; OD = 0.140
saving to disk
Elapsed Time: 45 seconds ; OD = 0.140
saving to disk
Elapsed Time: 47 seconds ; OD = 0.140
saving to disk
Elapsed Time: 49 seconds ; OD = 0.140
saving to disk
Elapsed Time: 51 seconds ; OD = 0.140
saving to disk
Elapsed Time: 53 seconds ; OD = 0.140
saving to disk
Elapsed Time: 55 seconds ; OD = 0.142
saving to disk
Elapsed Time: 57 seconds ; OD = 0.140
saving to disk
Elapsed Time: 59 seconds ; OD = 0.140
saving to disk
Elapsed Time: 1 minute, 1 second ; OD = 0.138
saving to disk
Elapsed Time: 1 minute, 3 seconds ; OD = 0.140
saving to disk
Elapsed Time: 1 minute, 5 seconds ; OD = 0.140
saving to disk
Elapsed Time: 1 minute, 7 seconds ; OD = 0.140
saving to disk
Elapsed Time: 1 minute, 9 seconds ; OD = 0.140
saving to disk
Elapsed Time: 1 minute, 11 seconds ; OD = 0.140
saving to disk
Elapsed Time: 1 minute, 13 seconds ; OD = 0.140
saving to disk
Elapsed Time: 1 minute, 15 seconds ; OD = 0.138
saving to disk
Elapsed Time: 1 minute, 17 seconds ; OD = 0.140
saving to disk
Elapsed Time: 1 minute, 19 seconds ; OD = 0.138
saving to disk
Elapsed Time: 1 minute, 21 seconds ; OD = 0.142
saving to disk
Elapsed Time: 1 minute, 23 seconds ; OD = 0.140
saving to disk
Elapsed Time: 1 minute, 25 seconds ; OD = 0.140
saving to disk
Elapsed Time: 1 minute, 27 seconds ; OD = 0.140
saving to disk
Elapsed Time: 1 minute, 29 seconds ; OD = 0.138

>> STOPPED BY USER
