id:62
user_name:think.ccf.org
user_id:10.66.101.117-0f3330edfb0e49d1
script:Morbidostat Experiment
start_time:1546974817672
command:/eve/scripts/test/vish_control_drugs.py
exit_code:-15
>>>>>  OUTPUT STARTED <<<<<
Connected!
Experiment begun at 14:13:44 on Tue - Jan 08, 2019
saving to disk
Elapsed Time: 1 second ; OD = 0.138
saving to disk
Elapsed Time: 3 seconds ; OD = 0.138
saving to disk
Elapsed Time: 5 seconds ; OD = 0.138
saving to disk
Elapsed Time: 7 seconds ; OD = 0.138
saving to disk
Elapsed Time: 9 seconds ; OD = 0.138

>> STOPPED BY USER
