id:45
user_name:think.ccf.org
user_id:10.66.101.117-0f3330edfb0e49d1
script:Resource Viewer
start_time:1546969056786
command:/eve/scripts/webui-sc/resources.sh
exit_code:0
>>>>>  OUTPUT STARTED <<<<<
procs -----------memory---------- ---swap-- -----io---- -system-- ------cpu-----
 r  b   swpd   free   buff  cache   si   so    bi    bo   in   cs us sy id wa st
 1  0      0 633132  50316 176036    0    0     0     0   15   16  0  0 100  0  0


       949448 K total memory
        89988 K used memory
       196172 K active memory
        78408 K inactive memory
       633108 K free memory
        50316 K buffer memory
       176036 K swap cache
       102396 K total swap
            0 K used swap
       102396 K free swap
        54834 non-nice user cpu ticks
            0 nice user cpu ticks
        23199 system cpu ticks
    162725741 idle cpu ticks
         9070 IO-wait cpu ticks
            0 IRQ cpu ticks
        17413 softirq cpu ticks
            0 stolen cpu ticks
       143154 pages paged in
       372885 pages paged out
            0 pages swapped in
            0 pages swapped out
    840908861 interrupts
     25524381 CPU context switches
   1546558850 boot time
         9149 forks
