id:32
user_name:dhcp-10-112-207-143.cc.ad.cchs.net
user_id:10.112.207.143-7af21f11bebc4e03
script:Resource Viewer
start_time:1546963105926
command:/eve/scripts/webui-sc/resources.sh
exit_code:0
>>>>>  OUTPUT STARTED <<<<<
procs -----------memory---------- ---swap-- -----io---- -system-- ------cpu-----
 r  b   swpd   free   buff  cache   si   so    bi    bo   in   cs us sy id wa st
 0  0      0 665996  50308 175860    0    0     0     0    8   16  0  0 100  0  0


       949448 K total memory
        57284 K used memory
       150008 K active memory
        91456 K inactive memory
       665996 K free memory
        50308 K buffer memory
       175860 K swap cache
       102396 K total swap
            0 K used swap
       102396 K free swap
        53089 non-nice user cpu ticks
            0 nice user cpu ticks
        22686 system cpu ticks
    160366547 idle cpu ticks
         8944 IO-wait cpu ticks
            0 IRQ cpu ticks
        17062 softirq cpu ticks
            0 stolen cpu ticks
       143154 pages paged in
       366061 pages paged out
            0 pages swapped in
            0 pages swapped out
    828594844 interrupts
     25005110 CPU context switches
   1546558850 boot time
         8937 forks
