id:141
user_name:think.ccf.org
user_id:10.66.101.117-0f3330edfb0e49d1
script:Resource Viewer
start_time:1547051928364
command:/eve/scripts/webui-sc/resources.sh
exit_code:0
>>>>>  OUTPUT STARTED <<<<<
procs -----------memory---------- ---swap-- -----io---- -system-- ------cpu-----
 r  b   swpd   free   buff  cache   si   so    bi    bo   in   cs us sy id wa st
 1  0      0 458280  54036 376208    0    0     0     0   12   16  0  0 100  0  0


       949448 K total memory
        61008 K used memory
       207440 K active memory
       232988 K inactive memory
       458196 K free memory
        54036 K buffer memory
       376208 K swap cache
       102396 K total swap
            0 K used swap
       102396 K free swap
        82588 non-nice user cpu ticks
            0 nice user cpu ticks
        29671 system cpu ticks
    195576081 idle cpu ticks
        14884 IO-wait cpu ticks
            0 IRQ cpu ticks
        21177 softirq cpu ticks
            0 stolen cpu ticks
       144478 pages paged in
       765205 pages paged out
            0 pages swapped in
            0 pages swapped out
   1011503150 interrupts
     31638120 CPU context switches
   1546558850 boot time
        13145 forks
