id:43
user_name:think.ccf.org
user_id:10.66.101.117-0f3330edfb0e49d1
script:Resource Viewer
start_time:1546967652176
command:/eve/scripts/webui-sc/resources.sh
exit_code:0
>>>>>  OUTPUT STARTED <<<<<
procs -----------memory---------- ---swap-- -----io---- -system-- ------cpu-----
 r  b   swpd   free   buff  cache   si   so    bi    bo   in   cs us sy id wa st
 1  0      0 666760  50312 175992    0    0     0     0   14   16  0  0 100  0  0


       949448 K total memory
        56384 K used memory
       149728 K active memory
        91480 K inactive memory
       666760 K free memory
        50312 K buffer memory
       175992 K swap cache
       102396 K total swap
            0 K used swap
       102396 K free swap
        54051 non-nice user cpu ticks
            0 nice user cpu ticks
        23027 system cpu ticks
    162169326 idle cpu ticks
         9020 IO-wait cpu ticks
            0 IRQ cpu ticks
        17307 softirq cpu ticks
            0 stolen cpu ticks
       143154 pages paged in
       370745 pages paged out
            0 pages swapped in
            0 pages swapped out
    837997925 interrupts
     25393879 CPU context switches
   1546558850 boot time
         9051 forks
