id:95
user_name:172.26.41.155
user_id:172.26.40.230-74fbe15917a24116
script:Resource Viewer
start_time:1547014537534
command:/eve/scripts/webui-sc/resources.sh
exit_code:0
>>>>>  OUTPUT STARTED <<<<<
procs -----------memory---------- ---swap-- -----io---- -system-- ------cpu-----
 r  b   swpd   free   buff  cache   si   so    bi    bo   in   cs us sy id wa st
 2  0      0 460324  53912 376000    0    0     0     0   18   16  0  0 100  0  0


       949448 K total memory
        59212 K used memory
       199904 K active memory
       238352 K inactive memory
       460324 K free memory
        53912 K buffer memory
       376000 K swap cache
       102396 K total swap
            0 K used swap
       102396 K free swap
        75117 non-nice user cpu ticks
            0 nice user cpu ticks
        27249 system cpu ticks
    180746110 idle cpu ticks
        14301 IO-wait cpu ticks
            0 IRQ cpu ticks
        19766 softirq cpu ticks
            0 stolen cpu ticks
       144478 pages paged in
       732685 pages paged out
            0 pages swapped in
            0 pages swapped out
    934716076 interrupts
     29091949 CPU context switches
   1546558850 boot time
        11161 forks
