id:31
user_name:think.ccf.org
user_id:10.66.101.117-0f3330edfb0e49d1
script:Resource Viewer
start_time:1546963095137
command:/eve/scripts/webui-sc/resources.sh
exit_code:0
>>>>>  OUTPUT STARTED <<<<<
procs -----------memory---------- ---swap-- -----io---- -system-- ------cpu-----
 r  b   swpd   free   buff  cache   si   so    bi    bo   in   cs us sy id wa st
 0  0      0 666312  50308 175844    0    0     0     0    8   16  0  0 100  0  0


       949448 K total memory
        57124 K used memory
       149964 K active memory
        91456 K inactive memory
       666172 K free memory
        50308 K buffer memory
       175844 K swap cache
       102396 K total swap
            0 K used swap
       102396 K free swap
        53075 non-nice user cpu ticks
            0 nice user cpu ticks
        22681 system cpu ticks
    160362286 idle cpu ticks
         8944 IO-wait cpu ticks
            0 IRQ cpu ticks
        17056 softirq cpu ticks
            0 stolen cpu ticks
       143154 pages paged in
       366005 pages paged out
            0 pages swapped in
            0 pages swapped out
    828572387 interrupts
     25004006 CPU context switches
   1546558850 boot time
         8930 forks
