id:37
user_name:think.ccf.org
user_id:10.66.101.117-0f3330edfb0e49d1
script:Resource Viewer
start_time:1546965919307
command:/eve/scripts/webui-sc/resources.sh
exit_code:0
>>>>>  OUTPUT STARTED <<<<<
procs -----------memory---------- ---swap-- -----io---- -system-- ------cpu-----
 r  b   swpd   free   buff  cache   si   so    bi    bo   in   cs us sy id wa st
 0  0      0 666476  50308 175920    0    0     0     0   11   16  0  0 100  0  0


       949448 K total memory
        56876 K used memory
       150168 K active memory
        91488 K inactive memory
       666344 K free memory
        50308 K buffer memory
       175920 K swap cache
       102396 K total swap
            0 K used swap
       102396 K free swap
        53431 non-nice user cpu ticks
            0 nice user cpu ticks
        22869 system cpu ticks
    161482460 idle cpu ticks
         8975 IO-wait cpu ticks
            0 IRQ cpu ticks
        17200 softirq cpu ticks
            0 stolen cpu ticks
       143154 pages paged in
       368341 pages paged out
            0 pages swapped in
            0 pages swapped out
    834408849 interrupts
     25241962 CPU context switches
   1546558850 boot time
         8998 forks
