id:35
user_name:think.ccf.org
user_id:10.66.101.117-0f3330edfb0e49d1
script:Resource Viewer
start_time:1546963934688
command:/eve/scripts/webui-sc/resources.sh
exit_code:0
>>>>>  OUTPUT STARTED <<<<<
procs -----------memory---------- ---swap-- -----io---- -system-- ------cpu-----
 r  b   swpd   free   buff  cache   si   so    bi    bo   in   cs us sy id wa st
 0  0      0 663948  50308 175892    0    0     0     0    9   16  0  0 100  0  0


       949448 K total memory
        59548 K used memory
       152612 K active memory
        91468 K inactive memory
       663700 K free memory
        50308 K buffer memory
       175892 K swap cache
       102396 K total swap
            0 K used swap
       102396 K free swap
        53240 non-nice user cpu ticks
            0 nice user cpu ticks
        22749 system cpu ticks
    160695182 idle cpu ticks
         8963 IO-wait cpu ticks
            0 IRQ cpu ticks
        17102 softirq cpu ticks
            0 stolen cpu ticks
       143154 pages paged in
       366817 pages paged out
            0 pages swapped in
            0 pages swapped out
    830308476 interrupts
     25075952 CPU context switches
   1546558850 boot time
         8956 forks
