id:28
user_name:think.ccf.org
user_id:10.66.101.117-0f3330edfb0e49d1
script:Resource Viewer
start_time:1546962845493
command:/eve/scripts/webui-sc/resources.sh
exit_code:0
>>>>>  OUTPUT STARTED <<<<<
procs -----------memory---------- ---swap-- -----io---- -system-- ------cpu-----
 r  b   swpd   free   buff  cache   si   so    bi    bo   in   cs us sy id wa st
 1  0      0 664572  50308 175812    0    0     0     0    7   16  0  0 100  0  0


       949448 K total memory
        59060 K used memory
       152024 K active memory
        91436 K inactive memory
       664268 K free memory
        50308 K buffer memory
       175812 K swap cache
       102396 K total swap
            0 K used swap
       102396 K free swap
        52909 non-nice user cpu ticks
            0 nice user cpu ticks
        22642 system cpu ticks
    160263437 idle cpu ticks
         8931 IO-wait cpu ticks
            0 IRQ cpu ticks
        17042 softirq cpu ticks
            0 stolen cpu ticks
       143154 pages paged in
       365585 pages paged out
            0 pages swapped in
            0 pages swapped out
    828052113 interrupts
     24979631 CPU context switches
   1546558850 boot time
         8914 forks
