id:38
user_name:think.ccf.org
user_id:10.66.101.117-0f3330edfb0e49d1
script:Resource Viewer
start_time:1546966871454
command:/eve/scripts/webui-sc/resources.sh
exit_code:0
>>>>>  OUTPUT STARTED <<<<<
procs -----------memory---------- ---swap-- -----io---- -system-- ------cpu-----
 r  b   swpd   free   buff  cache   si   so    bi    bo   in   cs us sy id wa st
 0  0      0 667120  50308 175932    0    0     0     0   13   16  0  0 100  0  0


       949448 K total memory
        56068 K used memory
       149108 K active memory
        91456 K inactive memory
       667136 K free memory
        50308 K buffer memory
       175936 K swap cache
       102396 K total swap
            0 K used swap
       102396 K free swap
        53816 non-nice user cpu ticks
            0 nice user cpu ticks
        22962 system cpu ticks
    161859811 idle cpu ticks
         9007 IO-wait cpu ticks
            0 IRQ cpu ticks
        17258 softirq cpu ticks
            0 stolen cpu ticks
       143154 pages paged in
       369693 pages paged out
            0 pages swapped in
            0 pages swapped out
    836381533 interrupts
     25324746 CPU context switches
   1546558850 boot time
         9023 forks
