id:25
user_name:think.ccf.org
user_id:10.66.101.117-0f3330edfb0e49d1
script:Resource Viewer
start_time:1546962813325
command:/eve/scripts/webui-sc/resources.sh
exit_code:0
>>>>>  OUTPUT STARTED <<<<<
procs -----------memory---------- ---swap-- -----io---- -system-- ------cpu-----
 r  b   swpd   free   buff  cache   si   so    bi    bo   in   cs us sy id wa st
 1  0      0 667276  50308 175792    0    0     0     0    7   16  0  0 100  0  0


       949448 K total memory
        56172 K used memory
       149272 K active memory
        91432 K inactive memory
       667176 K free memory
        50308 K buffer memory
       175792 K swap cache
       102396 K total swap
            0 K used swap
       102396 K free swap
        52859 non-nice user cpu ticks
            0 nice user cpu ticks
        22629 system cpu ticks
    160250742 idle cpu ticks
         8930 IO-wait cpu ticks
            0 IRQ cpu ticks
        17040 softirq cpu ticks
            0 stolen cpu ticks
       143154 pages paged in
       365469 pages paged out
            0 pages swapped in
            0 pages swapped out
    827984458 interrupts
     24975729 CPU context switches
   1546558850 boot time
         8898 forks
